# JRE version: Java(TM) SE Runtime Environment (8.0_151-b12) (build 1.8.0_151-b12)
# Java VM: Java HotSpot(TM) Client VM (25.151-b12 mixed mode windows-x86 )
Heap:
 def new generation   total 157248K, used 157248K [0x06a00000, 0x114a0000, 0x114a0000)
  eden space 139776K, 100% used [0x06a00000, 0x0f280000, 0x0f280000)
  from space 17472K, 100% used [0x10390000, 0x114a0000, 0x114a0000)
  to   space 17472K,   0% used [0x0f280000, 0x0f280000, 0x10390000)
 tenured generation   total 349568K, used 349568K [0x114a0000, 0x26a00000, 0x26a00000)
   the space 349568K, 100% used [0x114a0000, 0x26a00000, 0x26a00000, 0x26a00000)
 Metaspace       used 19392K, capacity 19891K, committed 20096K, reserved 20864K
GC Heap History (10 events):
Event: 9420.927 GC heap before
{Heap before GC invocations=2217 (full 2091):
 def new generation   total 157248K, used 157247K [0x06a00000, 0x114a0000, 0x114a0000)
  eden space 139776K, 100% used [0x06a00000, 0x0f280000, 0x0f280000)
  from space 17472K,  99% used [0x10390000, 0x1149fff0, 0x114a0000)
  to   space 17472K,   0% used [0x0f280000, 0x0f280000, 0x10390000)
 tenured generation   total 349568K, used 349568K [0x114a0000, 0x26a00000, 0x26a00000)
   the space 349568K, 100% used [0x114a0000, 0x26a00000, 0x26a00000, 0x26a00000)
 Metaspace       used 19392K, capacity 19891K, committed 20096K, reserved 20864K
Event: 9421.128 GC heap after
Heap after GC invocations=2218 (full 2092):
 def new generation   total 157248K, used 157247K [0x06a00000, 0x114a0000, 0x114a0000)
  eden space 139776K, 100% used [0x06a00000, 0x0f280000, 0x0f280000)
  from space 17472K,  99% used [0x10390000, 0x1149fff0, 0x114a0000)
  to   space 17472K,   0% used [0x0f280000, 0x0f280000, 0x10390000)
 tenured generation   total 349568K, used 349568K [0x114a0000, 0x26a00000, 0x26a00000)
   the space 349568K, 100% used [0x114a0000, 0x26a00000, 0x26a00000, 0x26a00000)
 Metaspace       used 19392K, capacity 19891K, committed 20096K, reserved 20864K
}
Event: 9421.128 GC heap before
{Heap before GC invocations=2218 (full 2092):
 def new generation   total 157248K, used 157248K [0x06a00000, 0x114a0000, 0x114a0000)
  eden space 139776K, 100% used [0x06a00000, 0x0f280000, 0x0f280000)
  from space 17472K, 100% used [0x10390000, 0x114a0000, 0x114a0000)
  to   space 17472K,   0% used [0x0f280000, 0x0f280000, 0x10390000)
 tenured generation   total 349568K, used 349568K [0x114a0000, 0x26a00000, 0x26a00000)
   the space 349568K, 100% used [0x114a0000, 0x26a00000, 0x26a00000, 0x26a00000)
 Metaspace       used 19392K, capacity 19891K, committed 20096K, reserved 20864K
Event: 9421.338 GC heap after
Heap after GC invocations=2219 (full 2093):
 def new generation   total 157248K, used 157248K [0x06a00000, 0x114a0000, 0x114a0000)
  eden space 139776K, 100% used [0x06a00000, 0x0f280000, 0x0f280000)
  from space 17472K, 100% used [0x10390000, 0x114a0000, 0x114a0000)
  to   space 17472K,   0% used [0x0f280000, 0x0f280000, 0x10390000)
 tenured generation   total 349568K, used 349568K [0x114a0000, 0x26a00000, 0x26a00000)
   the space 349568K, 100% used [0x114a0000, 0x26a00000, 0x26a00000, 0x26a00000)
 Metaspace       used 19392K, capacity 19891K, committed 20096K, reserved 20864K
}
Event: 9421.338 GC heap before
{Heap before GC invocations=2219 (full 2093):
 def new generation   total 157248K, used 157248K [0x06a00000, 0x114a0000, 0x114a0000)
  eden space 139776K, 100% used [0x06a00000, 0x0f280000, 0x0f280000)
  from space 17472K, 100% used [0x10390000, 0x114a0000, 0x114a0000)
  to   space 17472K,   0% used [0x0f280000, 0x0f280000, 0x10390000)
 tenured generation   total 349568K, used 349568K [0x114a0000, 0x26a00000, 0x26a00000)
   the space 349568K, 100% used [0x114a0000, 0x26a00000, 0x26a00000, 0x26a00000)
 Metaspace       used 19392K, capacity 19891K, committed 20096K, reserved 20864K
Event: 9421.541 GC heap after
Heap after GC invocations=2220 (full 2094):
 def new generation   total 157248K, used 157248K [0x06a00000, 0x114a0000, 0x114a0000)
  eden space 139776K, 100% used [0x06a00000, 0x0f280000, 0x0f280000)
  from space 17472K, 100% used [0x10390000, 0x114a0000, 0x114a0000)
  to   space 17472K,   0% used [0x0f280000, 0x0f280000, 0x10390000)
 tenured generation   total 349568K, used 349568K [0x114a0000, 0x26a00000, 0x26a00000)
   the space 349568K, 100% used [0x114a0000, 0x26a00000, 0x26a00000, 0x26a00000)
 Metaspace       used 19392K, capacity 19891K, committed 20096K, reserved 20864K
}
Event: 9421.541 GC heap before
{Heap before GC invocations=2220 (full 2094):
 def new generation   total 157248K, used 157248K [0x06a00000, 0x114a0000, 0x114a0000)
  eden space 139776K, 100% used [0x06a00000, 0x0f280000, 0x0f280000)
  from space 17472K, 100% used [0x10390000, 0x114a0000, 0x114a0000)
  to   space 17472K,   0% used [0x0f280000, 0x0f280000, 0x10390000)
 tenured generation   total 349568K, used 349568K [0x114a0000, 0x26a00000, 0x26a00000)
   the space 349568K, 100% used [0x114a0000, 0x26a00000, 0x26a00000, 0x26a00000)
 Metaspace       used 19392K, capacity 19891K, committed 20096K, reserved 20864K
Event: 9421.744 GC heap after
Heap after GC invocations=2221 (full 2095):
 def new generation   total 157248K, used 157248K [0x06a00000, 0x114a0000, 0x114a0000)
  eden space 139776K, 100% used [0x06a00000, 0x0f280000, 0x0f280000)
  from space 17472K, 100% used [0x10390000, 0x114a0000, 0x114a0000)
  to   space 17472K,   0% used [0x0f280000, 0x0f280000, 0x10390000)
 tenured generation   total 349568K, used 349568K [0x114a0000, 0x26a00000, 0x26a00000)
   the space 349568K, 100% used [0x114a0000, 0x26a00000, 0x26a00000, 0x26a00000)
 Metaspace       used 19392K, capacity 19891K, committed 20096K, reserved 20864K
}
Event: 9421.744 GC heap before
{Heap before GC invocations=2221 (full 2095):
 def new generation   total 157248K, used 157248K [0x06a00000, 0x114a0000, 0x114a0000)
  eden space 139776K, 100% used [0x06a00000, 0x0f280000, 0x0f280000)
  from space 17472K, 100% used [0x10390000, 0x114a0000, 0x114a0000)
  to   space 17472K,   0% used [0x0f280000, 0x0f280000, 0x10390000)
 tenured generation   total 349568K, used 349568K [0x114a0000, 0x26a00000, 0x26a00000)
   the space 349568K, 100% used [0x114a0000, 0x26a00000, 0x26a00000, 0x26a00000)
 Metaspace       used 19392K, capacity 19891K, committed 20096K, reserved 20864K
Event: 9421.943 GC heap after
Heap after GC invocations=2222 (full 2096):
 def new generation   total 157248K, used 157248K [0x06a00000, 0x114a0000, 0x114a0000)
  eden space 139776K, 100% used [0x06a00000, 0x0f280000, 0x0f280000)
  from space 17472K, 100% used [0x10390000, 0x114a0000, 0x114a0000)
  to   space 17472K,   0% used [0x0f280000, 0x0f280000, 0x10390000)
 tenured generation   total 349568K, used 349568K [0x114a0000, 0x26a00000, 0x26a00000)
   the space 349568K, 100% used [0x114a0000, 0x26a00000, 0x26a00000, 0x26a00000)
 Metaspace       used 19392K, capacity 19891K, committed 20096K, reserved 20864K
}

